<?xml version="1.0" encoding="UTF-8"?>
<!-- Generated by org.testng.reporters.JUnitXMLReporter -->
<testsuite hostname="Alchemy-01" ignored="0" name="Santiy Test 1" tests="4" failures="1" timestamp="26 Jul 2018 07:23:57 GMT" time="73.12" errors="0">
  <testcase name="verifyHomePageTitleTest" time="0.013" classname="org.alchemy.testcases.HomePageTest">
    <failure type="java.lang.AssertionError" message="expected [Alchemy ] but found [Alchemy Tool]">
      <![CDATA[java.lang.AssertionError: expected [Alchemy ] but found [Alchemy Tool]
at org.alchemy.testcases.HomePageTest.verifyHomePageTitleTest(HomePageTest.java:42)
... Removed 31 stack frames]]>
    </failure>
  </testcase> <!-- verifyHomePageTitleTest -->
  <testcase name="verifyCorrectUserNameTest" time="1.933" classname="org.alchemy.testcases.HomePageTest"/>
  <testcase name="verifyclickOnUserManagementTest" time="9.482" classname="org.alchemy.testcases.HomePageTest"/>
  <testcase name="verifyClickOnNewUserRecordTest" time="27.246" classname="org.alchemy.testcases.HomePageTest"/>
</testsuite> <!-- Santiy Test 1 -->
